c:\users\hngpc5.0\source\repos\piceatoloxonec++\piceatoloxonec++\x64\debug\vc143.pdb
c:\users\hngpc5.0\source\repos\piceatoloxonec++\piceatoloxonec++\x64\debug\vc143.idb
c:\users\hngpc5.0\source\repos\piceatoloxonec++\piceatoloxonec++\x64\debug\piceaapi.obj
c:\users\hngpc5.0\source\repos\piceatoloxonec++\piceatoloxonec++\x64\debug\loxoneapi.obj
c:\users\hngpc5.0\source\repos\piceatoloxonec++\piceatoloxonec++\x64\debug\program.obj
c:\users\hngpc5.0\source\repos\piceatoloxonec++\piceatoloxonec++\x64\debug\config.obj
c:\users\hngpc5.0\source\repos\piceatoloxonec++\x64\debug\jsoncpp.dll
c:\users\hngpc5.0\source\repos\piceatoloxonec++\x64\debug\piceatoloxonec++.exe
c:\users\hngpc5.0\source\repos\piceatoloxonec++\x64\debug\piceatoloxonec++.pdb
c:\users\hngpc5.0\source\repos\piceatoloxonec++\piceatoloxonec++\x64\debug\piceatoloxonec++.ilk
c:\users\hngpc5.0\source\repos\piceatoloxonec++\piceatoloxonec++\x64\debug\piceatoloxonec++.tlog\cl.command.1.tlog
c:\users\hngpc5.0\source\repos\piceatoloxonec++\piceatoloxonec++\x64\debug\piceatoloxonec++.tlog\cl.items.tlog
c:\users\hngpc5.0\source\repos\piceatoloxonec++\piceatoloxonec++\x64\debug\piceatoloxonec++.tlog\cl.read.1.tlog
c:\users\hngpc5.0\source\repos\piceatoloxonec++\piceatoloxonec++\x64\debug\piceatoloxonec++.tlog\cl.write.1.tlog
c:\users\hngpc5.0\source\repos\piceatoloxonec++\piceatoloxonec++\x64\debug\piceatoloxonec++.tlog\copylocal.read.1u.tlog
c:\users\hngpc5.0\source\repos\piceatoloxonec++\piceatoloxonec++\x64\debug\piceatoloxonec++.tlog\copylocal.write.1u.tlog
c:\users\hngpc5.0\source\repos\piceatoloxonec++\piceatoloxonec++\x64\debug\piceatoloxonec++.tlog\link.command.1.tlog
c:\users\hngpc5.0\source\repos\piceatoloxonec++\piceatoloxonec++\x64\debug\piceatoloxonec++.tlog\link.read.1.tlog
c:\users\hngpc5.0\source\repos\piceatoloxonec++\piceatoloxonec++\x64\debug\piceatoloxonec++.tlog\link.secondary.1.tlog
c:\users\hngpc5.0\source\repos\piceatoloxonec++\piceatoloxonec++\x64\debug\piceatoloxonec++.tlog\link.write.1.tlog
